<?xml version="1.0" encoding="UTF-8"?>
<testng-results skipped="0" failed="0" ignored="0" total="1" passed="1">
  <reporter-output>
  </reporter-output>
  <suite name="Default suite" duration-ms="64770" started-at="2019-02-18T20:54:24Z" finished-at="2019-02-18T20:55:29Z">
    <groups>
    </groups>
    <test name="Default test" duration-ms="64770" started-at="2019-02-18T20:54:24Z" finished-at="2019-02-18T20:55:29Z">
      <class name="Gittest1.Gitetest.AppTest">
        <test-method status="PASS" signature="LaunchApp()[pri:0, instance:Gittest1.Gitetest.AppTest@4c70fda8]" name="LaunchApp" is-config="true" duration-ms="35127" started-at="2019-02-18T20:54:25Z" finished-at="2019-02-18T20:55:00Z">
          <reporter-output>
          </reporter-output>
        </test-method> <!-- LaunchApp -->
        <test-method status="PASS" signature="PLMHomePage()[pri:0, instance:Gittest1.Gitetest.AppTest@4c70fda8]" name="PLMHomePage" duration-ms="27916" started-at="2019-02-18T20:55:01Z" finished-at="2019-02-18T20:55:29Z">
          <reporter-output>
          </reporter-output>
        </test-method> <!-- PLMHomePage -->
      </class> <!-- Gittest1.Gitetest.AppTest -->
    </test> <!-- Default test -->
  </suite> <!-- Default suite -->
</testng-results>
